<?xml version="1.0" encoding="UTF-8"?>
<!-- Generated by org.testng.reporters.JUnitXMLReporter -->
<testsuite ignored="4" hostname="LAPTOP-OJJIDCQE" failures="0" tests="11" name="Surefire test" time="0.096" errors="0" timestamp="2022-08-15T21:58:01 IST">
  <testcase classname="TestClasses.BaseTest" name="@BeforeTest setup" time="-1.66058088097E9">
    <failure type="org.testng.TestNGException" message="
Parameter &amp;apos;url&amp;apos; is required by BeforeTest on method setup but has not been marked @Optional or defined
">
      <![CDATA[org.testng.TestNGException: 
Parameter 'url' is required by BeforeTest on method setup but has not been marked @Optional or defined

... Removed 26 stack frames]]>
    </failure>
  </testcase> <!-- @BeforeTest setup -->
  <testcase classname="TestNG.LoginPageTest" name="@BeforeTest setUp" time="0.0">
    <skipped/>
  </testcase> <!-- @BeforeTest setUp -->
  <testcase classname="TestNG.TestNGBasic" name="@BeforeTest setUP" time="0.0">
    <skipped/>
  </testcase> <!-- @BeforeTest setUP -->
  <testcase classname="TestClasses.BaseTest" name="@AfterTest tearDown" time="0.0">
    <skipped/>
  </testcase> <!-- @AfterTest tearDown -->
  <testcase classname="TestNG.LoginPageTest" name="@AfterTest tearDown" time="0.0">
    <skipped/>
  </testcase> <!-- @AfterTest tearDown -->
  <testcase classname="TestClasses.GooleTest" name="serachTest" time="0.0">
    <skipped/>
  </testcase> <!-- serachTest -->
  <testcase classname="TestClasses.GooleTest" name="titleTest" time="0.001">
    <skipped/>
  </testcase> <!-- titleTest -->
  <testcase classname="TestClasses.OpenCartTest" name="loginTest" time="0.0">
    <skipped/>
  </testcase> <!-- loginTest -->
  <testcase classname="TestClasses.OpenCartTest" name="logoTest" time="0.0">
    <skipped/>
  </testcase> <!-- logoTest -->
  <testcase classname="TestClasses.OpenCartTest" name="passwordLinkTest" time="0.0">
    <skipped/>
  </testcase> <!-- passwordLinkTest -->
  <testcase classname="TestNG.LoginPageTest" name="loginTest" time="0.0">
    <skipped/>
  </testcase> <!-- loginTest -->
  <testcase classname="TestNG.LoginPageTest" name="logoTest" time="0.0">
    <skipped/>
  </testcase> <!-- logoTest -->
  <testcase classname="TestNG.LoginPageTest" name="passwordLinkTest" time="0.0">
    <skipped/>
  </testcase> <!-- passwordLinkTest -->
  <testcase classname="TestNG.TestNGBasic" name="cserPageTest" time="0.0">
    <skipped/>
  </testcase> <!-- cserPageTest -->
  <testcase classname="TestNG.TestNGBasic" name="searchTest" time="0.001">
    <skipped/>
  </testcase> <!-- searchTest -->
  <testcase classname="TestNG.TestNGBasic" name="homePageTest" time="0.0">
    <skipped/>
  </testcase> <!-- homePageTest -->
  <testcase classname="TestClasses.BaseTest" name="@BeforeTest setup" time="0.0">
    <ignored/>
  </testcase> <!-- @BeforeTest setup -->
  <testcase classname="TestClasses.BaseTest" name="@AfterTest tearDown" time="0.0">
    <ignored/>
  </testcase> <!-- @AfterTest tearDown -->
  <testcase classname="TestClasses.BaseTest" name="@AfterTest tearDown" time="0.0">
    <ignored/>
  </testcase> <!-- @AfterTest tearDown -->
  <testcase classname="TestClasses.BaseTest" name="@BeforeTest setup" time="0.0">
    <ignored/>
  </testcase> <!-- @BeforeTest setup -->
</testsuite> <!-- Surefire test -->
