<!DOCTYPE html PUBLIC "-//W3C//DTD XHTML 1.1//EN" "https://www.w3.org/TR/xhtml11/DTD/xhtml11.dtd">
<html xmlns="https://www.w3.org/1999/xhtml">
<head>
<meta http-equiv="content-type" content="text/html; charset=UTF-8"/>
<title>TestNG Report</title>
<style type="text/css">table {margin-bottom:10px;border-collapse:collapse;empty-cells:show}th,td {border:1px solid #009;padding:.25em .5em}th {vertical-align:bottom}td {vertical-align:top}table a {font-weight:bold}.stripe td {background-color: #E6EBF9}.num {text-align:right}.passedodd td {background-color: #3F3}.passedeven td {background-color: #0A0}.skippedodd td {background-color: #DDD}.skippedeven td {background-color: #CCC}.failedodd td,.attn {background-color: #F33}.failedeven td,.stripe .attn {background-color: #D00}.stacktrace {white-space:pre;font-family:monospace}.totop {font-size:85%;text-align:center;border-bottom:2px solid #000}.invisible {display:none}</style>
</head>
<body>
<table>
<tr><th>Test</th><th># Passed</th><th># Skipped</th><th># Retried</th><th># Failed</th><th>Time (ms)</th><th>Included Groups</th><th>Excluded Groups</th></tr>
<tr><th colspan="8">Surefire suite</th></tr>
<tr><td><a href="#t0">Surefire test</a></td><td class="num">0</td><td class="num attn">11</td><td class="num">0</td><td class="num">0</td><td class="num">96</td><td></td><td></td></tr>
</table>
<table id='summary'><thead><tr><th>Class</th><th>Method</th><th>Start</th><th>Time (ms)</th></tr></thead><tbody><tr><th colspan="4">Surefire suite</th></tr></tbody><tbody id="t0"><tr><th colspan="4">Surefire test &#8212; failed (configuration methods)</th></tr><tr class="failedeven"><td rowspan="1">TestClasses.BaseTest</td><td><a href="#m0">setup</a></td><td rowspan="1">1660580880970</td><td rowspan="1">-1660580880970</td></tr><tr><th colspan="4">Surefire test &#8212; skipped (configuration methods)</th></tr><tr class="skippedeven"><td rowspan="1">TestClasses.BaseTest</td><td><a href="#m1">tearDown</a></td><td rowspan="1">1660580881058</td><td rowspan="1">0</td></tr><tr class="skippedodd"><td rowspan="2">TestNG.LoginPageTest</td><td><a href="#m2">setUp</a></td><td rowspan="1">1660580880993</td><td rowspan="1">0</td></tr><tr class="skippedodd"><td><a href="#m3">tearDown</a></td><td rowspan="1">1660580881059</td><td rowspan="1">0</td></tr><tr class="skippedeven"><td rowspan="1">TestNG.TestNGBasic</td><td><a href="#m4">setUP</a></td><td rowspan="1">1660580880996</td><td rowspan="1">0</td></tr><tr><th colspan="4">Surefire test &#8212; skipped</th></tr><tr class="skippedeven"><td rowspan="2">TestClasses.GooleTest</td><td><a href="#m5">serachTest</a></td><td rowspan="1">1660580881034</td><td rowspan="1">0</td></tr><tr class="skippedeven"><td><a href="#m6">titleTest</a></td><td rowspan="1">1660580881039</td><td rowspan="1">1</td></tr><tr class="skippedodd"><td rowspan="3">TestClasses.OpenCartTest</td><td><a href="#m7">loginTest</a></td><td rowspan="1">1660580881043</td><td rowspan="1">0</td></tr><tr class="skippedodd"><td><a href="#m8">logoTest</a></td><td rowspan="1">1660580881044</td><td rowspan="1">0</td></tr><tr class="skippedodd"><td><a href="#m9">passwordLinkTest</a></td><td rowspan="1">1660580881045</td><td rowspan="1">0</td></tr><tr class="skippedeven"><td rowspan="3">TestNG.LoginPageTest</td><td><a href="#m10">loginTest</a></td><td rowspan="1">1660580881047</td><td rowspan="1">0</td></tr><tr class="skippedeven"><td><a href="#m11">logoTest</a></td><td rowspan="1">1660580881048</td><td rowspan="1">0</td></tr><tr class="skippedeven"><td><a href="#m12">passwordLinkTest</a></td><td rowspan="1">1660580881049</td><td rowspan="1">0</td></tr><tr class="skippedodd"><td rowspan="3">TestNG.TestNGBasic</td><td><a href="#m13">cserPageTest</a></td><td rowspan="1">1660580881053</td><td rowspan="1">0</td></tr><tr class="skippedodd"><td><a href="#m14">homePageTest</a></td><td rowspan="1">1660580881057</td><td rowspan="1">0</td></tr><tr class="skippedodd"><td><a href="#m15">searchTest</a></td><td rowspan="1">1660580881054</td><td rowspan="1">1</td></tr></tbody>
</table>
<h2>Surefire test</h2><h3 id="m0">TestClasses.BaseTest#setup</h3><table class="result"><tr><th>Exception</th></tr><tr><td><div class="stacktrace">org.testng.TestNGException: 
Parameter &apos;url&apos; is required by BeforeTest on method setup but has not been marked @Optional or defined

... Removed 26 stack frames</div></td></tr></table><p class="totop"><a href="#summary">back to summary</a></p>
<h3 id="m1">TestClasses.BaseTest#tearDown</h3><table class="result"><tr><th class="invisible"/></tr></table><p class="totop"><a href="#summary">back to summary</a></p>
<h3 id="m2">TestNG.LoginPageTest#setUp</h3><table class="result"><tr><th class="invisible"/></tr></table><p class="totop"><a href="#summary">back to summary</a></p>
<h3 id="m3">TestNG.LoginPageTest#tearDown</h3><table class="result"><tr><th class="invisible"/></tr></table><p class="totop"><a href="#summary">back to summary</a></p>
<h3 id="m4">TestNG.TestNGBasic#setUP</h3><table class="result"><tr><th class="invisible"/></tr></table><p class="totop"><a href="#summary">back to summary</a></p>
<h3 id="m5">TestClasses.GooleTest#serachTest</h3><table class="result"><tr><th>Exception</th></tr><tr><td><div class="stacktrace">org.testng.TestNGException: 
Parameter &apos;url&apos; is required by BeforeTest on method setup but has not been marked @Optional or defined

... Removed 26 stack frames</div></td></tr></table><p class="totop"><a href="#summary">back to summary</a></p>
<h3 id="m6">TestClasses.GooleTest#titleTest</h3><table class="result"><tr><th>Exception</th></tr><tr><td><div class="stacktrace">org.testng.TestNGException: 
Parameter &apos;url&apos; is required by BeforeTest on method setup but has not been marked @Optional or defined

... Removed 26 stack frames</div></td></tr></table><p class="totop"><a href="#summary">back to summary</a></p>
<h3 id="m7">TestClasses.OpenCartTest#loginTest</h3><table class="result"><tr><th>Exception</th></tr><tr><td><div class="stacktrace">org.testng.TestNGException: 
Parameter &apos;url&apos; is required by BeforeTest on method setup but has not been marked @Optional or defined

... Removed 26 stack frames</div></td></tr></table><p class="totop"><a href="#summary">back to summary</a></p>
<h3 id="m8">TestClasses.OpenCartTest#logoTest</h3><table class="result"><tr><th>Exception</th></tr><tr><td><div class="stacktrace">org.testng.TestNGException: 
Parameter &apos;url&apos; is required by BeforeTest on method setup but has not been marked @Optional or defined

... Removed 26 stack frames</div></td></tr></table><p class="totop"><a href="#summary">back to summary</a></p>
<h3 id="m9">TestClasses.OpenCartTest#passwordLinkTest</h3><table class="result"><tr><th>Exception</th></tr><tr><td><div class="stacktrace">org.testng.TestNGException: 
Parameter &apos;url&apos; is required by BeforeTest on method setup but has not been marked @Optional or defined

... Removed 26 stack frames</div></td></tr></table><p class="totop"><a href="#summary">back to summary</a></p>
<h3 id="m10">TestNG.LoginPageTest#loginTest</h3><table class="result"><tr><th>Exception</th></tr><tr><td><div class="stacktrace">org.testng.TestNGException: 
Parameter &apos;url&apos; is required by BeforeTest on method setup but has not been marked @Optional or defined

... Removed 26 stack frames</div></td></tr></table><p class="totop"><a href="#summary">back to summary</a></p>
<h3 id="m11">TestNG.LoginPageTest#logoTest</h3><table class="result"><tr><th>Exception</th></tr><tr><td><div class="stacktrace">org.testng.TestNGException: 
Parameter &apos;url&apos; is required by BeforeTest on method setup but has not been marked @Optional or defined

... Removed 26 stack frames</div></td></tr></table><p class="totop"><a href="#summary">back to summary</a></p>
<h3 id="m12">TestNG.LoginPageTest#passwordLinkTest</h3><table class="result"><tr><th>Exception</th></tr><tr><td><div class="stacktrace">org.testng.TestNGException: 
Parameter &apos;url&apos; is required by BeforeTest on method setup but has not been marked @Optional or defined

... Removed 26 stack frames</div></td></tr></table><p class="totop"><a href="#summary">back to summary</a></p>
<h3 id="m13">TestNG.TestNGBasic#cserPageTest</h3><table class="result"><tr><th>Exception</th></tr><tr><td><div class="stacktrace">org.testng.TestNGException: 
Parameter &apos;url&apos; is required by BeforeTest on method setup but has not been marked @Optional or defined

... Removed 26 stack frames</div></td></tr></table><p class="totop"><a href="#summary">back to summary</a></p>
<h3 id="m14">TestNG.TestNGBasic#homePageTest</h3><table class="result"><tr><th>Exception</th></tr><tr><td><div class="stacktrace">org.testng.TestNGException: 
Parameter &apos;url&apos; is required by BeforeTest on method setup but has not been marked @Optional or defined

... Removed 26 stack frames</div></td></tr></table><p class="totop"><a href="#summary">back to summary</a></p>
<h3 id="m15">TestNG.TestNGBasic#searchTest</h3><table class="result"><tr><th>Exception</th></tr><tr><td><div class="stacktrace">org.testng.TestNGException: 
Parameter &apos;url&apos; is required by BeforeTest on method setup but has not been marked @Optional or defined

... Removed 26 stack frames</div></td></tr></table><p class="totop"><a href="#summary">back to summary</a></p>
</body>
</html>
