-------------------------------------------------------------------------------
Test set: TestSuite
-------------------------------------------------------------------------------
Tests run: 16, Failures: 1, Errors: 0, Skipped: 15, Time elapsed: 0.813 s <<< FAILURE! - in TestSuite
setup(TestClasses.BaseTest)  Time elapsed: 0.444 s  <<< FAILURE!
org.testng.TestNGException: 

Parameter 'url' is required by BeforeTest on method setup but has not been marked @Optional or defined


